d:\escola\fac\1o ano\2s\programação\practice lectures material\aula1\1\1\release\main.obj
d:\escola\fac\1o ano\2s\programação\practice lectures material\aula1\1\1\release\vc100.pdb
d:\escola\fac\1o ano\2s\programação\practice lectures material\aula1\1\release\1.exe
d:\escola\fac\1o ano\2s\programação\practice lectures material\aula1\1\1\release\1.exe.intermediate.manifest
d:\escola\fac\1o ano\2s\programação\practice lectures material\aula1\1\release\1.pdb
d:\escola\fac\1o ano\2s\programação\practice lectures material\aula1\1\1\release\vc141.pdb
d:\escola\fac\1o ano\2s\programação\practice lectures material\aula1\1\1\release\1.write.1.tlog
d:\escola\fac\1o ano\2s\programação\practice lectures material\aula1\1\1\release\cl.command.1.tlog
d:\escola\fac\1o ano\2s\programação\practice lectures material\aula1\1\1\release\cl.read.1.tlog
d:\escola\fac\1o ano\2s\programação\practice lectures material\aula1\1\1\release\cl.write.1.tlog
d:\escola\fac\1o ano\2s\programação\practice lectures material\aula1\1\1\release\link.command.1.tlog
d:\escola\fac\1o ano\2s\programação\practice lectures material\aula1\1\1\release\link.read.1.tlog
d:\escola\fac\1o ano\2s\programação\practice lectures material\aula1\1\1\release\link.write.1.tlog
d:\escola\fac\1o ano\2s\programação\practice lectures material\aula1\1\1\release\mt.command.1.tlog
d:\escola\fac\1o ano\2s\programação\practice lectures material\aula1\1\1\release\mt.read.1.tlog
d:\escola\fac\1o ano\2s\programação\practice lectures material\aula1\1\1\release\mt.write.1.tlog
d:\escola\fac\1o ano\2s\programação\practice lectures material\aula1\1\1\release\1.tlog\cl.command.1.tlog
d:\escola\fac\1o ano\2s\programação\practice lectures material\aula1\1\1\release\1.tlog\cl.read.1.tlog
d:\escola\fac\1o ano\2s\programação\practice lectures material\aula1\1\1\release\1.tlog\cl.write.1.tlog
d:\escola\fac\1o ano\2s\programação\practice lectures material\aula1\1\1\release\1.tlog\link-cvtres.read.1.tlog
d:\escola\fac\1o ano\2s\programação\practice lectures material\aula1\1\1\release\1.tlog\link-cvtres.write.1.tlog
d:\escola\fac\1o ano\2s\programação\practice lectures material\aula1\1\1\release\1.tlog\link-rc.read.1.tlog
d:\escola\fac\1o ano\2s\programação\practice lectures material\aula1\1\1\release\1.tlog\link-rc.write.1.tlog
d:\escola\fac\1o ano\2s\programação\practice lectures material\aula1\1\1\release\1.tlog\link.command.1.tlog
d:\escola\fac\1o ano\2s\programação\practice lectures material\aula1\1\1\release\1.tlog\link.read.1.tlog
d:\escola\fac\1o ano\2s\programação\practice lectures material\aula1\1\1\release\1.tlog\link.write.1.tlog
